Build started 2013/6/10 0:48:10.
     1>Project "F:\C++ Workspace\Conway\Conway\Conway.vcxproj" on node 2 (Build target(s)).
     1>InitializeBuildStatus:
         Creating "Release\Conway.unsuccessfulbuild" because "AlwaysCreate" was specified.
       ClCompile:
         D:\Program Files (x86)\Microsoft Visual Studio 11.0\VC\bin\CL.exe /c /Zi /nologo /W3 /WX- /O2 /Oi /Oy- /GL /D _MBCS /Gm- /EHsc /MD /GS /Gy /fp:precise /Zc:wchar_t /Zc:forScope /Fo"Release\\" /Fd"Release\vc110.pdb" /Gd /TP /analyze- /errorReport:prompt Conway.cpp
         Conway.cpp
     1>Conway.cpp(264): warning C4996: 'fopen': This function or variable may be unsafe. Consider using fopen_s instead. To disable deprecation, use _CRT_SECURE_NO_WARNINGS. See online help for details.
                 D:\Program Files (x86)\Microsoft Visual Studio 11.0\VC\include\stdio.h(218) : see declaration of 'fopen'
       Link:
         D:\Program Files (x86)\Microsoft Visual Studio 11.0\VC\bin\link.exe /ERRORREPORT:PROMPT /OUT:"F:\C++ Workspace\Conway\Release\Conway.exe" /NOLOGO kernel32.lib user32.lib gdi32.lib winspool.lib comdlg32.lib advapi32.lib shell32.lib ole32.lib oleaut32.lib uuid.lib odbc32.lib odbccp32.lib /MANIFEST /MANIFESTUAC:"level='asInvoker' uiAccess='false'" /manifest:embed /DEBUG /PDB:"F:\C++ Workspace\Conway\Release\Conway.pdb" /OPT:REF /OPT:ICF /LTCG /TLBID:1 /DYNAMICBASE /NXCOMPAT /IMPLIB:"F:\C++ Workspace\Conway\Release\Conway.lib" /MACHINE:X86 /SAFESEH Release\Conway.obj
         Generating code
     1>f:\c++ workspace\conway\conway\conway.cpp(217): warning C4715: 'display' : not all control paths return a value
         Finished generating code
         Conway.vcxproj -> F:\C++ Workspace\Conway\Release\Conway.exe
       FinalizeBuildStatus:
         Deleting file "Release\Conway.unsuccessfulbuild".
         Touching "Release\Conway.lastbuildstate".
     1>Done Building Project "F:\C++ Workspace\Conway\Conway\Conway.vcxproj" (Build target(s)).

Build succeeded.

Time Elapsed 00:00:01.25
