F:\C++ WORKSPACE\CONWAY\CONWAY\DEBUG\CONWAY.OBJ
F:\C++ WORKSPACE\CONWAY\CONWAY\DEBUG\VC110.PDB
F:\C++ WORKSPACE\CONWAY\DEBUG\CONWAY.ILK
F:\C++ WORKSPACE\CONWAY\DEBUG\CONWAY.EXE
F:\C++ WORKSPACE\CONWAY\DEBUG\CONWAY.PDB
F:\C++ Workspace\Conway\Conway\Debug\Conway.obj
F:\C++ Workspace\Conway\Conway\Debug\cl.command.1.tlog
F:\C++ Workspace\Conway\Conway\Debug\CL.read.1.tlog
F:\C++ Workspace\Conway\Conway\Debug\CL.write.1.tlog
F:\C++ Workspace\Conway\Conway\Debug\link-cvtres.read.1.tlog
F:\C++ Workspace\Conway\Conway\Debug\link-cvtres.write.1.tlog
F:\C++ Workspace\Conway\Conway\Debug\link-rc.read.1.tlog
F:\C++ Workspace\Conway\Conway\Debug\link-rc.write.1.tlog
F:\C++ Workspace\Conway\Conway\Debug\link.6592-cvtres.read.1.tlog
F:\C++ Workspace\Conway\Conway\Debug\link.6592-cvtres.write.1.tlog
F:\C++ Workspace\Conway\Conway\Debug\link.6592-rc.read.1.tlog
F:\C++ Workspace\Conway\Conway\Debug\link.6592-rc.write.1.tlog
F:\C++ Workspace\Conway\Conway\Debug\link.6592.read.1.tlog
F:\C++ Workspace\Conway\Conway\Debug\link.6592.write.1.tlog
F:\C++ Workspace\Conway\Conway\Debug\link.9124-cvtres.read.1.tlog
F:\C++ Workspace\Conway\Conway\Debug\link.9124-cvtres.write.1.tlog
F:\C++ Workspace\Conway\Conway\Debug\link.9124-rc.read.1.tlog
F:\C++ Workspace\Conway\Conway\Debug\link.9124-rc.write.1.tlog
F:\C++ Workspace\Conway\Conway\Debug\link.9124.read.1.tlog
F:\C++ Workspace\Conway\Conway\Debug\link.9124.write.1.tlog
F:\C++ Workspace\Conway\Conway\Debug\link.command.1.tlog
F:\C++ Workspace\Conway\Conway\Debug\link.read.1.tlog
F:\C++ Workspace\Conway\Conway\Debug\link.write.1.tlog
F:\C++ Workspace\Conway\Conway\Debug\vc110.idb
F:\C++ Workspace\Conway\Conway\Debug\vc110.pdb
F:\C++ Workspace\Conway\Debug\Conway.pdb
F:\C++ Workspace\Conway\Debug\Conway.exe
F:\C++ Workspace\Conway\Debug\Conway.ilk
